<?xml version="1.0" encoding="UTF-8"?>
<!-- Generated by org.testng.reporters.JUnitXMLReporter -->
<testsuite ignored="0" hostname="DESKTOP-74B00N1" failures="1" tests="5" name="Default test" time="1.624" errors="0" timestamp="2020-07-28T13:05:11 EET">
  <testcase classname="test.RestAssured.Parameterization" name="test2" time="1.5"/>
  <testcase classname="test.RestAssured.Parameterization" name="test4" time="0.0">
    <failure type="org.testng.TestNGException" message="
Parameter &amp;apos;userID&amp;apos; is required by @Test on method test4 but has not been marked @Optional or defined
in C:\Users\s.khaled\AppData\Local\Temp\testng-eclipse-708197354\testng-customsuite.xml">
      <![CDATA[org.testng.TestNGException: 
Parameter 'userID' is required by @Test on method test4 but has not been marked @Optional or defined
in C:\Users\s.khaled\AppData\Local\Temp\testng-eclipse-708197354\testng-customsuite.xml
at org.testng.internal.Parameters.createParams(Parameters.java:272)
at org.testng.internal.Parameters.createParametersForMethod(Parameters.java:360)
at org.testng.internal.Parameters.createParameters(Parameters.java:704)
at org.testng.internal.Parameters.handleParameters(Parameters.java:879)
at org.testng.internal.Parameters.handleParameters(Parameters.java:744)
at org.testng.internal.ParameterHandler.handleParameters(ParameterHandler.java:59)
at org.testng.internal.ParameterHandler.createParameters(ParameterHandler.java:38)
at org.testng.internal.TestInvoker$MethodInvocationAgent.invoke(TestInvoker.java:783)
at org.testng.internal.TestInvoker.invokeTestMethods(TestInvoker.java:146)
at org.testng.internal.TestMethodWorker.invokeTestMethods(TestMethodWorker.java:146)
at org.testng.internal.TestMethodWorker.run(TestMethodWorker.java:128)
at java.base/java.util.ArrayList.forEach(ArrayList.java:1507)
at org.testng.TestRunner.privateRun(TestRunner.java:766)
at org.testng.TestRunner.run(TestRunner.java:587)
at org.testng.SuiteRunner.runTest(SuiteRunner.java:384)
at org.testng.SuiteRunner.runSequentially(SuiteRunner.java:378)
at org.testng.SuiteRunner.privateRun(SuiteRunner.java:337)
at org.testng.SuiteRunner.run(SuiteRunner.java:286)
at org.testng.SuiteRunnerWorker.runSuite(SuiteRunnerWorker.java:53)
at org.testng.SuiteRunnerWorker.run(SuiteRunnerWorker.java:96)
at org.testng.TestNG.runSuitesSequentially(TestNG.java:1187)
at org.testng.TestNG.runSuitesLocally(TestNG.java:1109)
at org.testng.TestNG.runSuites(TestNG.java:1039)
at org.testng.TestNG.run(TestNG.java:1007)
at org.testng.remote.AbstractRemoteTestNG.run(AbstractRemoteTestNG.java:115)
at org.testng.remote.RemoteTestNG.initAndRun(RemoteTestNG.java:251)
at org.testng.remote.RemoteTestNG.main(RemoteTestNG.java:77)
]]>
    </failure>
  </testcase> <!-- test4 -->
  <testcase classname="test.RestAssured.Parameterization" name="test5" time="0.026"/>
  <testcase classname="test.RestAssured.Parameterization" name="test5" time="0.028"/>
  <testcase classname="test.RestAssured.Parameterization" name="test5" time="0.023"/>
</testsuite> <!-- Default test -->
